<?xml version="1.0" encoding="UTF-8"?>
<!-- Generated by org.testng.reporters.JUnitReportReporter -->
<testsuite hostname="LAPTOP-2UVM9916" failures="0" tests="1" name="vTiger.TestNG.programs.CreateContactWithOrgTest" time="91.601" errors="0" timestamp="2024-11-13T12:16:17 GST" skipped="0">
  <testcase classname="vTiger.TestNG.programs.CreateContactWithOrgTest" name="CreateContactWithOrgTest" time="91.601"/>
  <system-out/>
</testsuite> <!-- vTiger.TestNG.programs.CreateContactWithOrgTest -->
