<?xml version="1.0" encoding="UTF-8"?>
<!-- Generated by org.testng.reporters.JUnitReportReporter -->
<testsuite hostname="LAPTOP-2UVM9916" failures="0" tests="1" name="vTiger.TestNG.programs.CreateOrgWithIndTest" time="59.845" errors="0" timestamp="2024-11-27T13:23:13 GST" skipped="0">
  <testcase classname="vTiger.TestNG.programs.CreateOrgWithIndTest" name="createOrgWithIndTest" time="59.845"/>
  <system-out/>
</testsuite> <!-- vTiger.TestNG.programs.CreateOrgWithIndTest -->
