<?xml version="1.0" encoding="UTF-8"?>
<!-- Generated by org.testng.reporters.JUnitReportReporter -->
<testsuite hostname="LAPTOP-2UVM9916" failures="0" tests="1" name="vTiger.TestNG.programs.ReadDataFromCmdLineTest" time="0.013" errors="0" timestamp="2025-01-25T17:30:54 IST" skipped="0">
  <testcase classname="vTiger.TestNG.programs.ReadDataFromCmdLineTest" name="readDataTest" time="0.013"/>
  <system-out/>
</testsuite> <!-- vTiger.TestNG.programs.ReadDataFromCmdLineTest -->
