<?xml version="1.0" encoding="UTF-8"?>
<!-- Generated by org.testng.reporters.JUnitReportReporter -->
<testsuite hostname="LAPTOP-2UVM9916" failures="0" tests="1" name="vTiger.Generic.Utilities.BaseClass" time="12.178" errors="0" timestamp="2024-11-27T01:27:47 GST" skipped="0">
  <testcase classname="vTiger.Generic.Utilities.BaseClass" name="sampleTestMethod" time="12.178"/>
  <system-out/>
</testsuite> <!-- vTiger.Generic.Utilities.BaseClass -->
