<?xml version="1.0" encoding="UTF-8"?>
<!-- Generated by org.testng.reporters.JUnitReportReporter -->
<testsuite hostname="LAPTOP-2UVM9916" failures="0" tests="6" name="vTiger.TestNG.programs.DataProviderPracticeTest1" time="0.016" errors="0" timestamp="2024-11-18T15:54:40 GST" skipped="0">
  <testcase classname="vTiger.TestNG.programs.DataProviderPracticeTest1" name="addProductToCart1" time="0.012"/>
  <system-out/>
  <testcase classname="vTiger.TestNG.programs.DataProviderPracticeTest1" name="addProductToCart1" time="0.001"/>
  <system-out/>
  <testcase classname="vTiger.TestNG.programs.DataProviderPracticeTest1" name="addProductToCart1" time="0.001"/>
  <system-out/>
  <testcase classname="vTiger.TestNG.programs.DataProviderPracticeTest1" name="addProductToCart2" time="0.000"/>
  <system-out/>
  <testcase classname="vTiger.TestNG.programs.DataProviderPracticeTest1" name="addProductToCart1" time="0.001"/>
  <system-out/>
  <testcase classname="vTiger.TestNG.programs.DataProviderPracticeTest1" name="addProductToCart2" time="0.001"/>
  <system-out/>
</testsuite> <!-- vTiger.TestNG.programs.DataProviderPracticeTest1 -->
