<?xml version="1.0" encoding="UTF-8"?>
<!-- Generated by org.testng.reporters.JUnitReportReporter -->
<testsuite hostname="LAPTOP-2UVM9916" failures="0" tests="1" name="vTiger.TestNG.programs.BC_CreateOrgWithIndTest" time="31.025" errors="0" timestamp="2025-09-26T11:45:23 IST" skipped="0">
  <testcase classname="vTiger.TestNG.programs.BC_CreateOrgWithIndTest" name="bc_createOrgWithIndTest" time="31.025"/>
  <system-out/>
</testsuite> <!-- vTiger.TestNG.programs.BC_CreateOrgWithIndTest -->
