<?xml version="1.0" encoding="UTF-8"?>
<!-- Generated by org.testng.reporters.JUnitReportReporter -->
<testsuite hostname="LAPTOP-2UVM9916" failures="0" tests="3" name="vTiger.TestNG.programs.BC_CreateMultiOrgWithIndDatProvTest" time="174.939" errors="0" timestamp="2024-11-27T21:53:39 GST" skipped="0">
  <testcase classname="vTiger.TestNG.programs.BC_CreateMultiOrgWithIndDatProvTest" name="bc_createOrgWithIndDataProviderTest" time="80.188"/>
  <system-out/>
  <testcase classname="vTiger.TestNG.programs.BC_CreateMultiOrgWithIndDatProvTest" name="bc_createOrgWithIndDataProviderTest" time="53.307"/>
  <system-out/>
  <testcase classname="vTiger.TestNG.programs.BC_CreateMultiOrgWithIndDatProvTest" name="bc_createOrgWithIndDataProviderTest" time="41.444"/>
  <system-out/>
</testsuite> <!-- vTiger.TestNG.programs.BC_CreateMultiOrgWithIndDatProvTest -->
