<?xml version="1.0" encoding="UTF-8"?>
<!-- Generated by org.testng.reporters.JUnitReportReporter -->
<testsuite hostname="LAPTOP-2UVM9916" failures="0" tests="6" name="vTiger.TestNG.programs.DataProviderPracticeTest" time="0.019" errors="0" timestamp="2024-11-14T00:57:44 GST" skipped="0">
  <testcase classname="vTiger.TestNG.programs.DataProviderPracticeTest" name="addProductToCart1" time="0.002"/>
  <system-out/>
  <testcase classname="vTiger.TestNG.programs.DataProviderPracticeTest" name="addProductToCart1" time="0.001"/>
  <system-out/>
  <testcase classname="vTiger.TestNG.programs.DataProviderPracticeTest" name="addProductToCart2" time="0.001"/>
  <system-out/>
  <testcase classname="vTiger.TestNG.programs.DataProviderPracticeTest" name="addProductToCart2" time="0.002"/>
  <system-out/>
  <testcase classname="vTiger.TestNG.programs.DataProviderPracticeTest" name="addProductToCart1" time="0.001"/>
  <system-out/>
  <testcase classname="vTiger.TestNG.programs.DataProviderPracticeTest" name="addProductToCart1" time="0.012"/>
  <system-out/>
</testsuite> <!-- vTiger.TestNG.programs.DataProviderPracticeTest -->
