<?xml version="1.0" encoding="UTF-8"?>
<!-- Generated by org.testng.reporters.JUnitReportReporter -->
<testsuite hostname="LAPTOP-2UVM9916" failures="0" tests="3" name="vTiger.TestNG.programs.CreateMultiOrgWithIndDatProvTest" time="162.619" errors="0" timestamp="2024-11-19T16:09:32 GST" skipped="0">
  <testcase classname="vTiger.TestNG.programs.CreateMultiOrgWithIndDatProvTest" name="createOrgWithIndDataProviderTest" time="32.219"/>
  <system-out/>
  <testcase classname="vTiger.TestNG.programs.CreateMultiOrgWithIndDatProvTest" name="createOrgWithIndDataProviderTest" time="99.094"/>
  <system-out/>
  <testcase classname="vTiger.TestNG.programs.CreateMultiOrgWithIndDatProvTest" name="createOrgWithIndDataProviderTest" time="31.306"/>
  <system-out/>
</testsuite> <!-- vTiger.TestNG.programs.CreateMultiOrgWithIndDatProvTest -->
