<?xml version="1.0" encoding="UTF-8"?>
<!-- Generated by org.testng.reporters.JUnitReportReporter -->
<testsuite hostname="LAPTOP-2UVM9916" failures="0" tests="1" name="vTiger.TestNG.programs.BC_CreateContactWithOrgTest" time="68.670" errors="0" timestamp="2025-09-27T12:12:45 IST" skipped="0">
  <testcase classname="vTiger.TestNG.programs.BC_CreateContactWithOrgTest" name="bc_createContactWithOrgTest" time="68.670"/>
  <system-out/>
</testsuite> <!-- vTiger.TestNG.programs.BC_CreateContactWithOrgTest -->
