<?xml version="1.0" encoding="UTF-8"?>
<!-- Generated by org.testng.reporters.JUnitReportReporter -->
<testsuite hostname="LAPTOP-2UVM9916" failures="0" tests="3" name="vTiger.TestNG.programs.DataProviderPracticeTest2" time="0.008" errors="0" timestamp="2024-11-18T16:22:00 GST" skipped="0">
  <testcase classname="vTiger.TestNG.programs.DataProviderPracticeTest2" name="createMultiOrgTest" time="0.006"/>
  <system-out/>
  <testcase classname="vTiger.TestNG.programs.DataProviderPracticeTest2" name="createMultiOrgTest" time="0.001"/>
  <system-out/>
  <testcase classname="vTiger.TestNG.programs.DataProviderPracticeTest2" name="createMultiOrgTest" time="0.001"/>
  <system-out/>
</testsuite> <!-- vTiger.TestNG.programs.DataProviderPracticeTest2 -->
