<?xml version="1.0" encoding="UTF-8"?>
<!-- Generated by org.testng.reporters.JUnitReportReporter -->
<testsuite hostname="LAPTOP-2UVM9916" failures="0" tests="1" name="vTiger.TestNG.programs.CreateContactWithOrgTest" time="94.484" errors="0" timestamp="2025-09-25T09:57:59 IST" skipped="0">
  <testcase classname="vTiger.TestNG.programs.CreateContactWithOrgTest" name="createContactWithOrgTest" time="94.484"/>
  <system-out/>
</testsuite> <!-- vTiger.TestNG.programs.CreateContactWithOrgTest -->
