<?xml version="1.0" encoding="UTF-8"?>
<!-- Generated by org.testng.reporters.JUnitReportReporter -->
<testsuite hostname="LAPTOP-2UVM9916" failures="0" tests="5" name="vTiger.TestNG.programs.TestNGPr1Test" time="0.020" errors="0" timestamp="2024-11-14T00:43:06 GST" skipped="0">
  <testcase classname="vTiger.TestNG.programs.TestNGPr1Test" name="createCust" time="0.001"/>
  <system-out/>
  <testcase classname="vTiger.TestNG.programs.TestNGPr1Test" name="createCust" time="0.016"/>
  <system-out/>
  <testcase classname="vTiger.TestNG.programs.TestNGPr1Test" name="modifyCust" time="0.001"/>
  <system-out/>
  <testcase classname="vTiger.TestNG.programs.TestNGPr1Test" name="aammy" time="0.001"/>
  <system-out/>
  <testcase classname="vTiger.TestNG.programs.TestNGPr1Test" name="deleteCust" time="0.001"/>
  <system-out/>
</testsuite> <!-- vTiger.TestNG.programs.TestNGPr1Test -->
