<?xml version="1.0" encoding="UTF-8"?>
<!-- Generated by org.testng.reporters.JUnitReportReporter -->
<testsuite hostname="LAPTOP-2UVM9916" failures="0" tests="4" name="vTiger.TestNG.programs.TestNGPr3Test" time="0.017" errors="0" timestamp="2024-11-19T16:43:16 GST" skipped="0">
  <testcase classname="vTiger.TestNG.programs.TestNGPr3Test" name="modifyCust" time="0.001"/>
  <system-out/>
  <testcase classname="vTiger.TestNG.programs.TestNGPr3Test" name="createCust" time="0.013"/>
  <system-out/>
  <testcase classname="vTiger.TestNG.programs.TestNGPr3Test" name="deleteCust" time="0.001"/>
  <system-out/>
  <testcase classname="vTiger.TestNG.programs.TestNGPr3Test" name="daammy" time="0.002"/>
  <system-out/>
</testsuite> <!-- vTiger.TestNG.programs.TestNGPr3Test -->
