<?xml version="1.0" encoding="UTF-8"?>
<!-- Generated by org.testng.reporters.JUnitReportReporter -->
<testsuite hostname="LAPTOP-2UVM9916" failures="0" tests="1" name="vTiger.TestNG.programs.BC_CreateContactWithOrgTest" time="59.274" errors="0" timestamp="2024-11-29T07:52:20 GST" skipped="0">
  <testcase classname="vTiger.TestNG.programs.BC_CreateContactWithOrgTest" name="bc_createContactWithOrgTest" time="59.274"/>
  <system-out/>
</testsuite> <!-- vTiger.TestNG.programs.BC_CreateContactWithOrgTest -->
