<?xml version="1.0" encoding="UTF-8"?>
<!-- Generated by org.testng.reporters.JUnitReportReporter -->
<testsuite hostname="LAPTOP-2UVM9916" failures="0" tests="1" name="vTiger.practice.TestNGP1" time="0.014" errors="0" timestamp="2024-11-11T13:54:40 GST" skipped="0">
  <testcase classname="vTiger.practice.TestNGP1" name="testNGPrac" time="0.014"/>
  <system-out/>
</testsuite> <!-- vTiger.practice.TestNGP1 -->
