<?xml version="1.0" encoding="UTF-8"?>
<!-- Generated by org.testng.reporters.JUnitReportReporter -->
<testsuite hostname="LAPTOP-2UVM9916" failures="0" tests="2" name="vTiger.TestNG.programs.BaseClassPractice1" time="0.012" errors="0" timestamp="2024-11-27T01:25:21 GST" skipped="0">
  <testcase classname="vTiger.TestNG.programs.BaseClassPractice1" name="tara" time="0.001"/>
  <system-out/>
  <testcase classname="vTiger.TestNG.programs.BaseClassPractice1" name="benny" time="0.011"/>
  <system-out/>
</testsuite> <!-- vTiger.TestNG.programs.BaseClassPractice1 -->
